TN:
SF:/home/philippe/Git/drone-flight-planner/src/polyfills.ts
FNF:0
FNH:0
DA:46,1
DA:60,1
LF:2
LH:2
BRF:0
BRH:0
end_of_record
TN:
SF:/home/philippe/Git/drone-flight-planner/src/test.ts
FNF:0
FNH:0
DA:3,1
DA:4,1
DA:5,1
DA:13,1
DA:18,1
DA:20,1
LF:6
LH:6
BRF:0
BRH:0
end_of_record
TN:
SF:/home/philippe/Git/drone-flight-planner/src/app/app.component.ts
FN:12,(anonymous_2)
FN:16,AppComponent
FN:19,(anonymous_4)
FN:24,(anonymous_5)
FN:28,(anonymous_6)
FNF:5
FNH:3
FNDA:1,(anonymous_2)
FNDA:4,AppComponent
FNDA:4,(anonymous_4)
FNDA:0,(anonymous_5)
FNDA:0,(anonymous_6)
DA:1,1
DA:5,1
DA:12,1
DA:16,4
DA:19,1
DA:20,4
DA:21,4
DA:24,1
DA:25,0
DA:28,1
DA:29,0
DA:31,1
LF:12
LH:10
BRF:0
BRH:0
end_of_record
TN:
SF:/home/philippe/Git/drone-flight-planner/src/app/flight-editor/flight-editor.component.ts
FN:12,(anonymous_2)
FN:7,FlightEditorComponent
FN:23,(anonymous_4)
FNF:3
FNH:2
FNDA:1,(anonymous_2)
FNDA:7,FlightEditorComponent
FNDA:0,(anonymous_4)
DA:2,1
DA:4,1
DA:5,1
DA:12,1
DA:14,1
DA:16,7
DA:20,7
DA:21,7
DA:23,1
DA:24,0
DA:26,1
LF:11
LH:10
BRF:0
BRH:0
end_of_record
TN:
SF:/home/philippe/Git/drone-flight-planner/src/app/flight-plans/flight-plans.component.ts
FN:10,(anonymous_2)
FN:5,FlightPlansComponent
FN:20,(anonymous_4)
FNF:3
FNH:2
FNDA:1,(anonymous_2)
FNDA:6,FlightPlansComponent
FNDA:0,(anonymous_4)
DA:1,1
DA:3,1
DA:10,1
DA:12,1
DA:15,1
DA:18,6
DA:20,1
DA:21,0
DA:23,1
LF:9
LH:8
BRF:0
BRH:0
end_of_record
TN:
SF:/home/philippe/Git/drone-flight-planner/src/app/model/coordinate.model.ts
FN:3,(anonymous_0)
FN:7,Coordinate
FNF:2
FNH:1
FNDA:1,(anonymous_0)
FNDA:0,Coordinate
DA:3,1
DA:8,0
DA:9,0
DA:11,1
LF:4
LH:2
BRF:0
BRH:0
end_of_record
TN:
SF:/home/philippe/Git/drone-flight-planner/src/app/model/flight-plan.model.ts
FN:3,(anonymous_0)
FNF:1
FNH:1
FNDA:1,(anonymous_0)
DA:3,1
DA:7,1
LF:2
LH:2
BRF:0
BRH:0
end_of_record
TN:
SF:/home/philippe/Git/drone-flight-planner/src/app/service/flight-plans.service.ts
FN:7,(anonymous_0)
FN:18,FlightPlansService
FN:25,(anonymous_2)
FN:27,(anonymous_3)
FN:32,(anonymous_4)
FNF:5
FNH:5
FNDA:1,(anonymous_0)
FNDA:7,FlightPlansService
FNDA:1,(anonymous_2)
FNDA:3,(anonymous_3)
FNDA:5,(anonymous_4)
DA:1,1
DA:3,1
DA:7,1
DA:14,7
DA:15,7
DA:16,7
DA:19,7
DA:20,7
DA:21,7
DA:22,7
DA:25,1
DA:26,1
DA:27,3
DA:29,1
DA:32,1
DA:33,5
DA:38,5
DA:40,5
DA:41,5
DA:43,1
LF:20
LH:20
BRF:0
BRH:0
end_of_record
